mode: set
patterns/builder/builder.go:28.29,30.2 1 1
patterns/builder/builder.go:32.33,35.2 2 1
patterns/builder/builder.go:37.33,41.2 2 1
patterns/builder/builder.go:43.31,48.18 3 1
patterns/builder/builder.go:48.18,50.4 1 1
patterns/builder/builder.go:54.41,57.16 2 1
patterns/builder/builder.go:64.2,64.12 1 1
patterns/builder/builder.go:57.16,62.24 2 1
patterns/builder/builder.go:67.29,70.2 2 1
patterns/builder/builder.go:72.32,74.2 1 1
patterns/builder/builder.go:76.46,83.2 6 1
patterns/builder/builder.go:85.46,92.2 6 1
patterns/builder/director.go:7.43,11.2 1 1
patterns/builder/director.go:13.46,19.2 5 1
patterns/builder/iBuilder.go:12.49,13.37 1 1
patterns/builder/iBuilder.go:16.2,16.37 1 1
patterns/builder/iBuilder.go:20.2,20.12 1 1
patterns/builder/iBuilder.go:13.37,15.3 1 1
patterns/builder/iBuilder.go:16.37,18.3 1 1
